Note: Line numbers for system and library calls may be incorrect 
Begin traceback...
Called from [func: (null)], at 0xef719c4c, args=0x2 0x0 0xef7de9fc 0xef804c90
Called from [func: (null)], at 0xef71aa50, args=0x1 0x70de8 0x4f 0x0
Called from [func: (null)], at 0xef71a824, args=0x2aaec 0x82 0x0 0x70de8
Called from [func: (null)], at 0xef7c6d18, args=0xa 0x2aaec 0xff000008 0x4f
Called from [func: (null)], at 0xef7c7fa0, args=0xa 0x0 0x0 0x50
Called from [func: (null)], at 0xef7c7320, args=0x3 0xeffff269 0xef7e8d94 0xeffff1f4
Called from [func: (null)], at 0xef7c6e7c, args=0xeffff26b 0xef7e8fb7 0xef7c6a58 0x344
Called from [func: _MAIN_], at 0x23d8, args=0x0 0x3 0x3c11c 0x4
Called from [func: (null)], at 0xef78bc38, args=0x0 0x2aaec 0x1 0x2e000000
Called from [func: start], at 0x2064, args=0x0 0x10 0xeffff4dc 0x28000
End traceback...
Note: Line numbers for system and library calls may be incorrect 
Begin traceback...
Called from [func: (null)], at 0xef719c4c, args=0x2 0x0 0xef7de9fc 0xef804c90
Called from [func: (null)], at 0xef7228e8, args=0x2000 0x6ee00 0x2000 0x109
Called from [func: (null)], at 0xef7c8944, args=0x2ab24 0x8b4 0xf001a06c 0x0
Called from [func: (null)], at 0xef7cb0ac, args=0xef7c88d4 0x0 0xfe10a808 0x1
Called from [func: (null)], at 0xef7cac90, args=0x20 0x8 0x4 0x4
Called from [func: (null)], at 0xef7ca6b4, args=0x7 0x8 0x1 0x45da0
Called from [func: _MAIN_], at 0x23b0, args=0x8 0x45da0 0x4 0xef7e9ce4
Called from [func: (null)], at 0xef78bc38, args=0x0 0x2aafc 0x1 0x2e000000
Called from [func: start], at 0x2064, args=0x0 0x10 0xeffff4dc 0x28000
End traceback...
